  Heap.cpp
  HeapFactory.cpp
  main.cpp
G:\RayTrace_OfflineEditor\RayTracerFramework\RayTracerSmall\Vec3.h(15,1): warning C4005: 'INFINITY': macro redefinition
D:\Windows Kits\10\Include\10.0.18362.0\ucrt\corecrt_math.h(90): message : see previous definition of 'INFINITY'
G:\RayTrace_OfflineEditor\RayTracerFramework\RayTracerSmall\main.cpp(91,19): warning C4305: 'initializing': truncation from 'double' to 'float'
G:\RayTrace_OfflineEditor\RayTracerFramework\RayTracerSmall\main.cpp(97,60): warning C4305: 'argument': truncation from 'double' to 'const float'
G:\RayTrace_OfflineEditor\RayTracerFramework\RayTracerSmall\main.cpp(106,19): warning C4305: 'initializing': truncation from 'double' to 'float'
G:\RayTrace_OfflineEditor\RayTracerFramework\RayTracerSmall\main.cpp(161,14): warning C4244: 'initializing': conversion from 'double' to 'float', possible loss of data
G:\RayTrace_OfflineEditor\RayTracerFramework\RayTracerSmall\main.cpp(165,13): warning C4244: 'initializing': conversion from 'double' to 'float', possible loss of data
G:\RayTrace_OfflineEditor\RayTracerFramework\RayTracerSmall\main.cpp(166,13): warning C4244: 'initializing': conversion from 'double' to 'float', possible loss of data
G:\RayTrace_OfflineEditor\RayTracerFramework\RayTracerSmall\main.cpp(169,49): warning C4244: 'argument': conversion from 'int' to 'float', possible loss of data
G:\RayTrace_OfflineEditor\RayTracerFramework\RayTracerSmall\main.cpp(212,82): warning C4305: 'argument': truncation from 'double' to 'T'
          with
          [
              T=float
          ]
G:\RayTrace_OfflineEditor\RayTracerFramework\RayTracerSmall\main.cpp(213,79): warning C4305: 'argument': truncation from 'double' to 'T'
          with
          [
              T=float
          ]
G:\RayTrace_OfflineEditor\RayTracerFramework\RayTracerSmall\main.cpp(214,74): warning C4305: 'argument': truncation from 'double' to 'T'
          with
          [
              T=float
          ]
G:\RayTrace_OfflineEditor\RayTracerFramework\RayTracerSmall\main.cpp(215,73): warning C4305: 'argument': truncation from 'double' to 'T'
          with
          [
              T=float
          ]
  ObjectJsonParse.cpp
G:\RayTrace_OfflineEditor\RayTracerFramework\RayTracerSmall\Vec3.h(15,1): warning C4005: 'INFINITY': macro redefinition
D:\Windows Kits\10\Include\10.0.18362.0\ucrt\corecrt_math.h(90): message : see previous definition of 'INFINITY'
G:\RayTrace_OfflineEditor\RayTracerFramework\RayTracerSmall\ObjectJsonParse.cpp(18,13): warning C4996: 'fopen': This function or variable may be unsafe. Consider using fopen_s instead. To disable deprecation, use _CRT_SECURE_NO_WARNINGS. See online help for details.
  Sphere.cpp
G:\RayTrace_OfflineEditor\RayTracerFramework\RayTracerSmall\Vec3.h(15,1): warning C4005: 'INFINITY': macro redefinition
D:\Windows Kits\10\Include\10.0.18362.0\ucrt\corecrt_math.h(90): message : see previous definition of 'INFINITY'
  Struct.cpp
  Threading.cpp
  Generating code
LINK : fatal error C1354: error accessing previous object file G:\RayTrace_OfflineEditor\RayTracerFramework\x64\Release\RayTracerSmall.iobj (corrupted symbol table)
LINK : fatal error LNK1257: code generation failed
