c:\users\c015289g\desktop\temp\temp\raytracerframework2taskstealing\raytracerframework2multithreading\raytracerframework2\raytracerframework2\raytracerframework\raytracersmall\x64\release\vc142.pdb
c:\users\c015289g\desktop\temp\temp\raytracerframework2taskstealing\raytracerframework2multithreading\raytracerframework2\raytracerframework2\raytracerframework\raytracersmall\x64\release\main.obj
c:\users\c015289g\desktop\temp\temp\raytracerframework2taskstealing\raytracerframework2multithreading\raytracerframework2\raytracerframework2\raytracerframework\raytracersmall\x64\release\objectjsonparse.obj
c:\users\c015289g\desktop\temp\temp\raytracerframework2taskstealing\raytracerframework2multithreading\raytracerframework2\raytracerframework2\raytracerframework\raytracersmall\x64\release\threading.obj
c:\users\c015289g\desktop\temp\temp\raytracerframework2taskstealing\raytracerframework2multithreading\raytracerframework2\raytracerframework2\raytracerframework\raytracersmall\x64\release\struct.obj
c:\users\c015289g\desktop\temp\temp\raytracerframework2taskstealing\raytracerframework2multithreading\raytracerframework2\raytracerframework2\raytracerframework\raytracersmall\x64\release\sphere.obj
c:\users\c015289g\desktop\temp\temp\raytracerframework2taskstealing\raytracerframework2multithreading\raytracerframework2\raytracerframework2\raytracerframework\raytracersmall\x64\release\heapfactory.obj
c:\users\c015289g\desktop\temp\temp\raytracerframework2taskstealing\raytracerframework2multithreading\raytracerframework2\raytracerframework2\raytracerframework\raytracersmall\x64\release\heap.obj
c:\users\c015289g\desktop\temp\temp\raytracerframework2taskstealing\raytracerframework2multithreading\raytracerframework2\raytracerframework2\raytracerframework\x64\release\raytracersmall.exe
c:\users\c015289g\desktop\temp\temp\raytracerframework2taskstealing\raytracerframework2multithreading\raytracerframework2\raytracerframework2\raytracerframework\x64\release\raytracersmall.pdb
c:\users\c015289g\desktop\temp\temp\raytracerframework2taskstealing\raytracerframework2multithreading\raytracerframework2\raytracerframework2\raytracerframework\x64\release\raytracersmall.ipdb
c:\users\c015289g\desktop\temp\temp\raytracerframework2taskstealing\raytracerframework2multithreading\raytracerframework2\raytracerframework2\raytracerframework\x64\release\raytracersmall.iobj
c:\users\c015289g\desktop\temp\temp\raytracerframework2taskstealing\raytracerframework2multithreading\raytracerframework2\raytracerframework2\raytracerframework\raytracersmall\x64\release\raytracersmall.tlog\cl.command.1.tlog
c:\users\c015289g\desktop\temp\temp\raytracerframework2taskstealing\raytracerframework2multithreading\raytracerframework2\raytracerframework2\raytracerframework\raytracersmall\x64\release\raytracersmall.tlog\cl.read.1.tlog
c:\users\c015289g\desktop\temp\temp\raytracerframework2taskstealing\raytracerframework2multithreading\raytracerframework2\raytracerframework2\raytracerframework\raytracersmall\x64\release\raytracersmall.tlog\cl.write.1.tlog
c:\users\c015289g\desktop\temp\temp\raytracerframework2taskstealing\raytracerframework2multithreading\raytracerframework2\raytracerframework2\raytracerframework\raytracersmall\x64\release\raytracersmall.tlog\link.command.1.tlog
c:\users\c015289g\desktop\temp\temp\raytracerframework2taskstealing\raytracerframework2multithreading\raytracerframework2\raytracerframework2\raytracerframework\raytracersmall\x64\release\raytracersmall.tlog\link.delete.1.tlog
c:\users\c015289g\desktop\temp\temp\raytracerframework2taskstealing\raytracerframework2multithreading\raytracerframework2\raytracerframework2\raytracerframework\raytracersmall\x64\release\raytracersmall.tlog\link.read.1.tlog
c:\users\c015289g\desktop\temp\temp\raytracerframework2taskstealing\raytracerframework2multithreading\raytracerframework2\raytracerframework2\raytracerframework\raytracersmall\x64\release\raytracersmall.tlog\link.write.1.tlog
c:\users\c015289g\desktop\temp\temp\raytracerframework2taskstealing\raytracerframework2multithreading\raytracerframework2\raytracerframework2\raytracerframework\raytracersmall\x64\release\raytracersmall.tlog\raytracersmall.write.1u.tlog
