  Heap.cpp
  HeapFactory.cpp
  main.cpp
C:\Users\c015289g\Desktop\RayTrace_OfflineEditor\RayTracerFramework\RayTracerSmall\Vec3.h(15,1): warning C4005: 'INFINITY': macro redefinition
C:\Program Files (x86)\Windows Kits\10\Include\10.0.18362.0\ucrt\corecrt_math.h(90): message : see previous definition of 'INFINITY'
C:\Users\c015289g\Desktop\RayTrace_OfflineEditor\RayTracerFramework\RayTracerSmall\main.cpp(91,19): warning C4305: 'initializing': truncation from 'double' to 'float'
C:\Program Files (x86)\Microsoft Visual Studio\2019\Professional\VC\Tools\MSVC\14.23.28105\include\xtgmath.h(22,60): warning C4305: 'argument': truncation from 'double' to 'const float'
C:\Users\c015289g\Desktop\RayTrace_OfflineEditor\RayTracerFramework\RayTracerSmall\main.cpp(106,19): warning C4305: 'initializing': truncation from 'double' to 'float'
C:\Users\c015289g\Desktop\RayTrace_OfflineEditor\RayTracerFramework\RayTracerSmall\main.cpp(161,14): warning C4244: 'initializing': conversion from 'double' to 'float', possible loss of data
C:\Users\c015289g\Desktop\RayTrace_OfflineEditor\RayTracerFramework\RayTracerSmall\main.cpp(165,13): warning C4244: 'initializing': conversion from 'double' to 'float', possible loss of data
C:\Users\c015289g\Desktop\RayTrace_OfflineEditor\RayTracerFramework\RayTracerSmall\main.cpp(166,13): warning C4244: 'initializing': conversion from 'double' to 'float', possible loss of data
  ObjectJsonParse.cpp
C:\Users\c015289g\Desktop\RayTrace_OfflineEditor\RayTracerFramework\RayTracerSmall\main.cpp(169,49): warning C4244: 'argument': conversion from 'int' to 'float', possible loss of data
C:\Users\c015289g\Desktop\RayTrace_OfflineEditor\RayTracerFramework\RayTracerSmall\Vec3.h(15,1): warning C4005: 'INFINITY': macro redefinition
C:\Program Files (x86)\Windows Kits\10\Include\10.0.18362.0\ucrt\corecrt_math.h(90): message : see previous definition of 'INFINITY'
C:\Users\c015289g\Desktop\RayTrace_OfflineEditor\RayTracerFramework\RayTracerSmall\ObjectJsonParse.cpp(18,1): warning C4996: 'fopen': This function or variable may be unsafe. Consider using fopen_s instead. To disable deprecation, use _CRT_SECURE_NO_WARNINGS. See online help for details.
  Sphere.cpp
C:\Program Files (x86)\Windows Kits\10\Include\10.0.18362.0\ucrt\stdio.h(208): message : see declaration of 'fopen'
C:\Users\c015289g\Desktop\RayTrace_OfflineEditor\RayTracerFramework\RayTracerSmall\Vec3.h(15,1): warning C4005: 'INFINITY': macro redefinition
  Struct.cpp
  Threading.cpp
  Generating Code...
C:\Program Files (x86)\Windows Kits\10\Include\10.0.18362.0\ucrt\corecrt_math.h(90): message : see previous definition of 'INFINITY'
  LINK : C:\Users\c015289g\Desktop\RayTrace_OfflineEditor\RayTracerFramework\x64\Debug\RayTracerSmall.exe not found or not built by the last incremental link; performing full link
  RayTracerSmall.vcxproj -> C:\Users\c015289g\Desktop\RayTrace_OfflineEditor\RayTracerFramework\x64\Debug\RayTracerSmall.exe
